app/build/intermediates/manifest_merge_blame_file/debug/manifest-merger-blame-debug-report.txt
1<?xml version="1.0" encoding="utf-8"?>
2<manifest xmlns:android="http://schemas.android.com/apk/res/android"
3    package="io.homangostar.halleywallet"
4    android:versionCode="1"
5    android:versionName="1.0" >
6
7    <uses-sdk
8        android:minSdkVersion="21"
8-->src\main\AndroidManifest.xml
9        android:targetSdkVersion="33" />
9-->src\main\AndroidManifest.xml
10
11    <uses-permission android:name="android.permission.INTERNET" />
11-->src\main\AndroidManifest.xml:5:5-67
11-->src\main\AndroidManifest.xml:5:22-64
12    <uses-permission android:name="android.permission.ACCESS_FINE_LOCATION" />
12-->[:HalleyWallet] AndroidManifest.xml:8:5-79
12-->[:HalleyWallet] AndroidManifest.xml:8:22-76
13    <uses-permission android:name="android.permission.ACCESS_COARSE_LOCATION" />
13-->[:HalleyWallet] AndroidManifest.xml:9:5-81
13-->[:HalleyWallet] AndroidManifest.xml:9:22-78
14    <uses-permission android:name="android.permission.ACCESS_NETWORK_STATE" />
14-->[:HalleyWallet] AndroidManifest.xml:10:5-79
14-->[:HalleyWallet] AndroidManifest.xml:10:22-76
15    <uses-permission android:name="android.permission.BLUETOOTH_SCAN" />
15-->[:HalleyWallet] AndroidManifest.xml:11:5-73
15-->[:HalleyWallet] AndroidManifest.xml:11:22-70
16    <uses-permission android:name="android.permission.BLUETOOTH" />
16-->[:HalleyWallet] AndroidManifest.xml:12:5-68
16-->[:HalleyWallet] AndroidManifest.xml:12:22-65
17    <uses-permission android:name="android.permission.BLUETOOTH_ADMIN" />
17-->[:HalleyWallet] AndroidManifest.xml:13:5-74
17-->[:HalleyWallet] AndroidManifest.xml:13:22-71
18    <uses-permission android:name="android.permission.BLUETOOTH_ADVERTISE" />
18-->[:HalleyWallet] AndroidManifest.xml:14:5-78
18-->[:HalleyWallet] AndroidManifest.xml:14:22-75
19    <uses-permission android:name="android.permission.ACCESS_LOCATION_EXTRA_COMMANDS" />
19-->[:HalleyWallet] AndroidManifest.xml:15:5-89
19-->[:HalleyWallet] AndroidManifest.xml:15:22-86
20    <uses-permission android:name="android.permission.BLUETOOTH_CONNECT" />
20-->[:HalleyWallet] AndroidManifest.xml:16:5-76
20-->[:HalleyWallet] AndroidManifest.xml:16:22-73
21
22    <uses-feature
22-->[:HalleyWallet] AndroidManifest.xml:18:5-20:36
23        android:name="android.hardware.bluetooth"
23-->[:HalleyWallet] AndroidManifest.xml:19:9-50
24        android:required="false" />
24-->[:HalleyWallet] AndroidManifest.xml:20:9-33
25    <uses-feature
25-->[:HalleyWallet] AndroidManifest.xml:21:5-23:36
26        android:name="android.hardware.bluetooth_le"
26-->[:HalleyWallet] AndroidManifest.xml:22:9-53
27        android:required="false" />
27-->[:HalleyWallet] AndroidManifest.xml:23:9-33
28
29    <uses-permission android:name="android.permission.READ_EXTERNAL_STORAGE" />
29-->[:HalleyWallet] AndroidManifest.xml:25:5-80
29-->[:HalleyWallet] AndroidManifest.xml:25:22-77
30    <uses-permission android:name="android.permission.CAMERA" />
30-->[:HalleyWallet] AndroidManifest.xml:26:5-65
30-->[:HalleyWallet] AndroidManifest.xml:26:22-62
31
32    <uses-feature android:name="android.hardware.camera.autofocus" />
32-->[:HalleyWallet] AndroidManifest.xml:28:5-70
32-->[:HalleyWallet] AndroidManifest.xml:28:19-67
33    <uses-feature android:name="android.hardware.camera" />
33-->[:HalleyWallet] AndroidManifest.xml:29:5-60
33-->[:HalleyWallet] AndroidManifest.xml:29:19-57
34
35    <uses-permission android:name="android.permission.VIBRATE" />
35-->[:HalleyWallet] AndroidManifest.xml:31:5-66
35-->[:HalleyWallet] AndroidManifest.xml:31:22-63
36    <uses-permission android:name="android.permission.FLASHLIGHT" />
36-->[:HalleyWallet] AndroidManifest.xml:32:5-69
36-->[:HalleyWallet] AndroidManifest.xml:32:22-66
37    <uses-permission android:name="android.permission.WRITE_EXTERNAL_STORAGE" />
37-->[:HalleyWallet] AndroidManifest.xml:33:5-81
37-->[:HalleyWallet] AndroidManifest.xml:33:22-78
38
39    <application
39-->src\main\AndroidManifest.xml:7:5-36:19
40        android:name="io.homangostar.halleywallet.MyApplication"
40-->src\main\AndroidManifest.xml:8:9-38
41        android:allowBackup="true"
41-->src\main\AndroidManifest.xml:9:9-35
42        android:appComponentFactory="androidx.core.app.CoreComponentFactory"
42-->[androidx.core:core:1.8.0] AndroidManifest.xml:24:18-86
43        android:dataExtractionRules="@xml/data_extraction_rules"
43-->src\main\AndroidManifest.xml:10:9-65
44        android:debuggable="true"
45        android:fullBackupContent="@xml/backup_rules"
45-->src\main\AndroidManifest.xml:11:9-54
46        android:hardwareAccelerated="true"
46-->src\main\AndroidManifest.xml:12:9-43
47        android:icon="@mipmap/ic_launcher"
47-->src\main\AndroidManifest.xml:13:9-43
48        android:label="@string/app_name"
48-->src\main\AndroidManifest.xml:14:9-41
49        android:requestLegacyExternalStorage="true"
49-->src\main\AndroidManifest.xml:15:9-52
50        android:roundIcon="@mipmap/ic_launcher_round"
50-->src\main\AndroidManifest.xml:16:9-54
51        android:supportsRtl="true"
51-->src\main\AndroidManifest.xml:17:9-35
52        android:testOnly="true"
53        android:usesCleartextTraffic="true" >
53-->src\main\AndroidManifest.xml:18:9-44
54        <activity
54-->src\main\AndroidManifest.xml:21:9-34:20
55            android:name="io.homangostar.halleywallet.presentation.activity.MainActivity"
55-->src\main\AndroidManifest.xml:22:13-63
56            android:exported="true"
56-->src\main\AndroidManifest.xml:23:13-36
57            android:screenOrientation="portrait"
57-->src\main\AndroidManifest.xml:24:13-49
58            android:theme="@style/Theme.HalleyWallet" >
58-->src\main\AndroidManifest.xml:25:13-54
59            <intent-filter>
59-->src\main\AndroidManifest.xml:28:13-32:29
60                <action android:name="android.intent.action.MAIN" />
60-->src\main\AndroidManifest.xml:29:17-69
60-->src\main\AndroidManifest.xml:29:25-66
61
62                <category android:name="android.intent.category.LAUNCHER" />
62-->src\main\AndroidManifest.xml:31:17-77
62-->src\main\AndroidManifest.xml:31:27-74
63            </intent-filter>
64        </activity>
65        <activity
65-->[:HalleyWallet] AndroidManifest.xml:47:9-58:20
66            android:name="io.github.halleypay.presentation.activity.HalleyPayActivity"
66-->[:HalleyWallet] AndroidManifest.xml:48:13-87
67            android:exported="false"
67-->[:HalleyWallet] AndroidManifest.xml:49:13-37
68            android:theme="@style/Theme.HalleyWallet" >
68-->[:HalleyWallet] AndroidManifest.xml:50:13-54
69
70            <!-- <intent-filter> -->
71            <!-- <action android:name="android.intent.action.MAIN" /> -->
72
73
74            <!-- <category android:name="android.intent.category.LAUNCHER" /> -->
75            <!-- </intent-filter> -->
76        </activity>
77        <activity
77-->[:HalleyWallet] AndroidManifest.xml:59:9-64:20
78            android:name="io.github.halleypay.presentation.activity.BluetoothConfigActivity"
78-->[:HalleyWallet] AndroidManifest.xml:60:13-93
79            android:screenOrientation="portrait"
79-->[:HalleyWallet] AndroidManifest.xml:61:13-49
80            android:theme="@style/Theme.HalleyWallet" >
80-->[:HalleyWallet] AndroidManifest.xml:62:13-54
81        </activity>
82
83        <provider
83-->[androidx.emoji2:emoji2:1.2.0] AndroidManifest.xml:24:9-32:20
84            android:name="androidx.startup.InitializationProvider"
84-->[androidx.emoji2:emoji2:1.2.0] AndroidManifest.xml:25:13-67
85            android:authorities="io.homangostar.halleywallet.androidx-startup"
85-->[androidx.emoji2:emoji2:1.2.0] AndroidManifest.xml:26:13-68
86            android:exported="false" >
86-->[androidx.emoji2:emoji2:1.2.0] AndroidManifest.xml:27:13-37
87            <meta-data
87-->[androidx.emoji2:emoji2:1.2.0] AndroidManifest.xml:29:13-31:52
88                android:name="androidx.emoji2.text.EmojiCompatInitializer"
88-->[androidx.emoji2:emoji2:1.2.0] AndroidManifest.xml:30:17-75
89                android:value="androidx.startup" />
89-->[androidx.emoji2:emoji2:1.2.0] AndroidManifest.xml:31:17-49
90            <meta-data
90-->[androidx.lifecycle:lifecycle-process:2.4.1] AndroidManifest.xml:31:13-33:52
91                android:name="androidx.lifecycle.ProcessLifecycleInitializer"
91-->[androidx.lifecycle:lifecycle-process:2.4.1] AndroidManifest.xml:32:17-78
92                android:value="androidx.startup" />
92-->[androidx.lifecycle:lifecycle-process:2.4.1] AndroidManifest.xml:33:17-49
93        </provider>
94    </application>
95
96</manifest>